2021-01-06 05:02:36,308 [main] INFO  testCases.Cases - Chrome is opening(firstCase)...
2021-01-06 05:02:40,380 [main] INFO  testCases.Cases - Chrome is maximized(firstCase)...
2021-01-06 05:02:40,382 [main] INFO  Pages.HomePage - HomePage constructor is created..
2021-01-06 05:02:40,383 [main] INFO  testCases.Cases - MainPage object created(firstCase)...
2021-01-06 05:02:40,383 [main] INFO  Pages.SearchResults - Creating SearchResults object..
2021-01-06 05:02:40,383 [main] INFO  testCases.Cases - SearchResult object created(firstCase)...
2021-01-06 05:02:40,383 [main] INFO  Pages.HomePage - Clicking search button..
2021-01-06 05:02:40,440 [main] INFO  testCases.Cases - Clicked search button in mainpage successfully(firstCase)...
2021-01-06 05:02:40,441 [main] INFO  Pages.HomePage - Setting text field with product..
2021-01-06 05:02:40,527 [main] INFO  testCases.Cases - Set mobile phone name on txtField(firstCase)...
2021-01-06 05:02:40,528 [main] INFO  Pages.HomePage - Clicking search button..
2021-01-06 05:02:42,303 [main] INFO  testCases.Cases - Successfully clicked search button(firstCase)...
2021-01-06 05:02:42,303 [main] INFO  Pages.SearchResults - Clicking devices tab..
2021-01-06 05:02:42,383 [main] INFO  testCases.Cases - Clicked devices tab on searchresults(firstCase)...
2021-01-06 05:02:42,383 [main] INFO  Pages.SearchResults - Checking phone names are equal..
2021-01-06 05:02:42,416 [main] INFO  testCases.Cases - Checked searched phone is same with listed one(firstCase)...
2021-01-06 05:02:43,007 [main] INFO  testCases.Cases - Chrome was closed successfully(firstCase)..
2021-01-06 05:02:46,041 [main] INFO  testCases.Cases - Chrome is opening(secondCase)...
2021-01-06 05:03:00,055 [main] INFO  testCases.Cases - Chrome is maximized(secondCase)...
2021-01-06 05:03:00,055 [main] INFO  Pages.HomePage - HomePage constructor is created..
2021-01-06 05:03:00,055 [main] INFO  testCases.Cases - MainPage object created(secondCase)...
2021-01-06 05:03:00,055 [main] INFO  Pages.HomePage - Clicking pasaj button..
2021-01-06 05:03:02,890 [main] INFO  testCases.Cases - Clicked pasaj button(secondCase)...
2021-01-06 05:03:02,890 [main] INFO  Pages.PasajPage - Creating PasajPage object..
2021-01-06 05:03:02,890 [main] INFO  testCases.Cases - Created PasajPage object(secondCase)...
2021-01-06 05:03:02,891 [main] INFO  Pages.PasajPage - Clicking cart button..
2021-01-06 05:03:04,754 [main] INFO  testCases.Cases - Clicked cart button(secondCase)..
2021-01-06 05:03:04,754 [main] INFO  Pages.PasajPage - Displaying emptyCart message...
2021-01-06 05:03:04,965 [main] INFO  testCases.Cases - Shown empty cart message on screen(secondCase)..
2021-01-06 05:03:05,576 [main] INFO  testCases.Cases - Chrome was closed successfully(secondCase)..
2021-01-06 05:03:08,603 [main] INFO  testCases.Cases - Created wait object(thirdCase)...
2021-01-06 05:03:08,603 [main] INFO  testCases.Cases - JavascriptExecuter is created to go bottom of the page(thirdCase)...
2021-01-06 05:03:08,603 [main] INFO  testCases.Cases - Chrome is opening(thirdCase)...
2021-01-06 05:03:13,864 [main] INFO  testCases.Cases - Chrome is maximized(thirdCase)...
2021-01-06 05:03:13,864 [main] INFO  Pages.HomePage - HomePage constructor is created..
2021-01-06 05:03:13,865 [main] INFO  testCases.Cases - MainPage object created(thirdCase)...
2021-01-06 05:03:13,865 [main] INFO  Pages.PasajPage - Creating PasajPage object..
2021-01-06 05:03:13,865 [main] INFO  testCases.Cases - Created PasajPage object(thirdCase)...
2021-01-06 05:03:13,865 [main] INFO  Pages.HomePage - Clicking pasaj button..
2021-01-06 05:03:16,555 [main] INFO  testCases.Cases - Clicked pasaj button(thirdCase)...
2021-01-06 05:03:16,572 [main] INFO  testCases.Cases - Accessed bottom of the page(thirdCase)...
2021-01-06 05:03:16,572 [main] INFO  Pages.PasajPage - Clicking Macbook button..
2021-01-06 05:03:18,985 [main] INFO  testCases.Cases - Clicked Apple Macbook under Popüler Markalar title(thirdCase)...
2021-01-06 05:03:19,016 [main] INFO  testCases.Cases - Displayed product Macbook pro(thirdCase)...
2021-01-06 05:03:19,016 [main] INFO  Pages.MacbookPage - Creating MacbookPage object..
2021-01-06 05:03:19,016 [main] INFO  testCases.Cases - MacbookPage object is created(thirdCase)...
2021-01-06 05:03:19,017 [main] INFO  Pages.MacbookDetailPage - Creating MacbookDetailPage object..
2021-01-06 05:03:19,017 [main] INFO  testCases.Cases - MacbookDetailPage object is created(thirdCase)...
2021-01-06 05:03:19,017 [main] INFO  Pages.MacbookPage - Clicking Macbok detail...
2021-01-06 05:03:20,838 [main] INFO  testCases.Cases - Successfully clicked Macbook product(thirdCase)...
2021-01-06 05:03:20,838 [main] INFO  Pages.MacbookDetailPage - Trying to get installmentAmount from screen with using findElement...
2021-01-06 05:03:20,877 [main] INFO  Pages.MacbookDetailPage - Trying to convert installmentAmount to integer value...
2021-01-06 05:03:20,878 [main] INFO  Pages.MacbookDetailPage - Comparing installment amount with 1000...
2021-01-06 05:03:20,878 [main] INFO  testCases.Cases - Successfully Checked installmentAmount(thirdCase)...
2021-01-06 05:03:20,878 [main] INFO  Pages.MacbookDetailPage - Trying to get installmentSixMonths from screen with using findElement...
2021-01-06 05:03:20,897 [main] INFO  Pages.MacbookDetailPage - Trying to convert sixMonthsPrice to integer value...
2021-01-06 05:03:20,897 [main] INFO  Pages.MacbookDetailPage - Trying to get installmentNineMonths from screen with using findElement...
2021-01-06 05:03:20,915 [main] INFO  Pages.MacbookDetailPage - Trying to convert nineMonthsPrice to integer value...
2021-01-06 05:03:20,915 [main] INFO  Pages.MacbookDetailPage - Comparing sixMonthsPrice and installmentNineMonths...
2021-01-06 05:03:20,915 [main] INFO  testCases.Cases - Successfully compared six months installment and nine months installment(thirdCase)...
2021-01-06 05:03:21,524 [main] INFO  testCases.Cases - Chrome was closed successfully(thirdCase)..
